{"C:\\Users\\gillescas\\Downloads\\web-chess-main\\web-chess-main\\gameController.js": {"path":"C:\\Users\\gillescas\\Downloads\\web-chess-main\\web-chess-main\\gameController.js","statementMap":{"0":{"start":{"line":8,"column":28},"end":{"line":16,"column":45}},"1":{"start":{"line":18,"column":26},"end":{"line":18,"column":33}},"2":{"start":{"line":20,"column":4},"end":{"line":20,"column":49}},"3":{"start":{"line":24,"column":4},"end":{"line":24,"column":24}},"4":{"start":{"line":25,"column":4},"end":{"line":25,"column":29}},"5":{"start":{"line":27,"column":4},"end":{"line":33,"column":5}},"6":{"start":{"line":27,"column":17},"end":{"line":27,"column":18}},"7":{"start":{"line":28,"column":8},"end":{"line":32,"column":9}},"8":{"start":{"line":28,"column":21},"end":{"line":28,"column":22}},"9":{"start":{"line":29,"column":12},"end":{"line":31,"column":13}},"10":{"start":{"line":30,"column":16},"end":{"line":30,"column":58}},"11":{"start":{"line":37,"column":26},"end":{"line":37,"column":81}},"12":{"start":{"line":39,"column":25},"end":{"line":39,"column":54}},"13":{"start":{"line":40,"column":4},"end":{"line":40,"column":40}},"14":{"start":{"line":41,"column":4},"end":{"line":41,"column":28}},"15":{"start":{"line":42,"column":4},"end":{"line":42,"column":35}},"16":{"start":{"line":43,"column":4},"end":{"line":43,"column":50}},"17":{"start":{"line":45,"column":4},"end":{"line":45,"column":44}},"18":{"start":{"line":49,"column":4},"end":{"line":62,"column":5}},"19":{"start":{"line":50,"column":18},"end":{"line":50,"column":49}},"20":{"start":{"line":51,"column":18},"end":{"line":51,"column":51}},"21":{"start":{"line":52,"column":18},"end":{"line":52,"column":51}},"22":{"start":{"line":53,"column":18},"end":{"line":53,"column":50}},"23":{"start":{"line":54,"column":18},"end":{"line":54,"column":49}},"24":{"start":{"line":55,"column":18},"end":{"line":55,"column":49}},"25":{"start":{"line":56,"column":18},"end":{"line":56,"column":49}},"26":{"start":{"line":57,"column":18},"end":{"line":57,"column":51}},"27":{"start":{"line":58,"column":18},"end":{"line":58,"column":51}},"28":{"start":{"line":59,"column":18},"end":{"line":59,"column":50}},"29":{"start":{"line":60,"column":18},"end":{"line":60,"column":49}},"30":{"start":{"line":61,"column":18},"end":{"line":61,"column":49}},"31":{"start":{"line":66,"column":25},"end":{"line":66,"column":26}},"32":{"start":{"line":68,"column":4},"end":{"line":71,"column":7}},"33":{"start":{"line":69,"column":8},"end":{"line":69,"column":31}},"34":{"start":{"line":70,"column":8},"end":{"line":70,"column":31}},"35":{"start":{"line":73,"column":17},"end":{"line":73,"column":57}},"36":{"start":{"line":75,"column":29},"end":{"line":75,"column":34}},"37":{"start":{"line":77,"column":4},"end":{"line":98,"column":5}},"38":{"start":{"line":78,"column":8},"end":{"line":97,"column":11}},"39":{"start":{"line":79,"column":12},"end":{"line":79,"column":35}},"40":{"start":{"line":80,"column":12},"end":{"line":80,"column":35}},"41":{"start":{"line":82,"column":12},"end":{"line":96,"column":13}},"42":{"start":{"line":83,"column":16},"end":{"line":83,"column":50}},"43":{"start":{"line":85,"column":16},"end":{"line":85,"column":37}},"44":{"start":{"line":86,"column":51},"end":{"line":86,"column":83}},"45":{"start":{"line":88,"column":16},"end":{"line":88,"column":138}},"46":{"start":{"line":90,"column":16},"end":{"line":93,"column":22}},"47":{"start":{"line":91,"column":20},"end":{"line":91,"column":94}},"48":{"start":{"line":92,"column":20},"end":{"line":92,"column":94}},"49":{"start":{"line":95,"column":16},"end":{"line":95,"column":42}},"50":{"start":{"line":100,"column":4},"end":{"line":131,"column":7}},"51":{"start":{"line":101,"column":8},"end":{"line":101,"column":48}},"52":{"start":{"line":103,"column":8},"end":{"line":129,"column":9}},"53":{"start":{"line":104,"column":33},"end":{"line":104,"column":65}},"54":{"start":{"line":106,"column":12},"end":{"line":125,"column":17}},"55":{"start":{"line":108,"column":50},"end":{"line":108,"column":106}},"56":{"start":{"line":109,"column":50},"end":{"line":109,"column":105}},"57":{"start":{"line":111,"column":44},"end":{"line":113,"column":64}},"58":{"start":{"line":115,"column":38},"end":{"line":115,"column":150}},"59":{"start":{"line":116,"column":38},"end":{"line":116,"column":151}},"60":{"start":{"line":118,"column":49},"end":{"line":118,"column":71}},"61":{"start":{"line":120,"column":20},"end":{"line":124,"column":21}},"62":{"start":{"line":121,"column":24},"end":{"line":123,"column":25}},"63":{"start":{"line":122,"column":28},"end":{"line":122,"column":104}},"64":{"start":{"line":126,"column":12},"end":{"line":126,"column":51}},"65":{"start":{"line":127,"column":12},"end":{"line":127,"column":32}},"66":{"start":{"line":128,"column":12},"end":{"line":128,"column":48}},"67":{"start":{"line":130,"column":8},"end":{"line":130,"column":35}},"68":{"start":{"line":136,"column":23},"end":{"line":136,"column":73}},"69":{"start":{"line":138,"column":4},"end":{"line":156,"column":5}},"70":{"start":{"line":139,"column":8},"end":{"line":155,"column":9}},"71":{"start":{"line":141,"column":16},"end":{"line":141,"column":73}},"72":{"start":{"line":142,"column":16},"end":{"line":142,"column":76}},"73":{"start":{"line":144,"column":42},"end":{"line":144,"column":117}},"74":{"start":{"line":145,"column":16},"end":{"line":145,"column":51}},"75":{"start":{"line":146,"column":16},"end":{"line":146,"column":53}},"76":{"start":{"line":149,"column":16},"end":{"line":154,"column":17}},"77":{"start":{"line":150,"column":20},"end":{"line":150,"column":40}},"78":{"start":{"line":153,"column":20},"end":{"line":153,"column":40}},"79":{"start":{"line":160,"column":23},"end":{"line":160,"column":73}},"80":{"start":{"line":162,"column":4},"end":{"line":175,"column":5}},"81":{"start":{"line":164,"column":18},"end":{"line":164,"column":80}},"82":{"start":{"line":166,"column":18},"end":{"line":166,"column":82}},"83":{"start":{"line":168,"column":18},"end":{"line":168,"column":82}},"84":{"start":{"line":170,"column":18},"end":{"line":170,"column":81}},"85":{"start":{"line":172,"column":18},"end":{"line":172,"column":80}},"86":{"start":{"line":173,"column":18},"end":{"line":173,"column":89}},"87":{"start":{"line":174,"column":18},"end":{"line":174,"column":89}},"88":{"start":{"line":179,"column":4},"end":{"line":189,"column":5}},"89":{"start":{"line":181,"column":12},"end":{"line":183,"column":13}},"90":{"start":{"line":182,"column":16},"end":{"line":182,"column":29}},"91":{"start":{"line":185,"column":12},"end":{"line":185,"column":24}},"92":{"start":{"line":188,"column":8},"end":{"line":188,"column":21}},"93":{"start":{"line":193,"column":4},"end":{"line":201,"column":5}},"94":{"start":{"line":194,"column":8},"end":{"line":196,"column":9}},"95":{"start":{"line":195,"column":12},"end":{"line":195,"column":25}},"96":{"start":{"line":198,"column":8},"end":{"line":198,"column":20}},"97":{"start":{"line":200,"column":8},"end":{"line":200,"column":21}},"98":{"start":{"line":205,"column":4},"end":{"line":214,"column":5}},"99":{"start":{"line":206,"column":8},"end":{"line":208,"column":9}},"100":{"start":{"line":207,"column":12},"end":{"line":207,"column":25}},"101":{"start":{"line":211,"column":8},"end":{"line":211,"column":20}},"102":{"start":{"line":213,"column":8},"end":{"line":213,"column":21}},"103":{"start":{"line":218,"column":4},"end":{"line":228,"column":5}},"104":{"start":{"line":221,"column":12},"end":{"line":223,"column":13}},"105":{"start":{"line":222,"column":16},"end":{"line":222,"column":29}},"106":{"start":{"line":225,"column":12},"end":{"line":225,"column":24}},"107":{"start":{"line":227,"column":8},"end":{"line":227,"column":21}},"108":{"start":{"line":232,"column":4},"end":{"line":232,"column":46}},"109":{"start":{"line":234,"column":20},"end":{"line":234,"column":25}},"110":{"start":{"line":236,"column":4},"end":{"line":242,"column":9}},"111":{"start":{"line":239,"column":12},"end":{"line":241,"column":13}},"112":{"start":{"line":240,"column":16},"end":{"line":240,"column":33}},"113":{"start":{"line":245,"column":22},"end":{"line":245,"column":27}},"114":{"start":{"line":247,"column":4},"end":{"line":249,"column":5}},"115":{"start":{"line":248,"column":8},"end":{"line":248,"column":27}},"116":{"start":{"line":251,"column":4},"end":{"line":262,"column":5}},"117":{"start":{"line":252,"column":12},"end":{"line":256,"column":13}},"118":{"start":{"line":253,"column":16},"end":{"line":253,"column":29}},"119":{"start":{"line":254,"column":19},"end":{"line":256,"column":13}},"120":{"start":{"line":255,"column":16},"end":{"line":255,"column":29}},"121":{"start":{"line":259,"column":12},"end":{"line":259,"column":24}},"122":{"start":{"line":261,"column":8},"end":{"line":261,"column":21}},"123":{"start":{"line":266,"column":4},"end":{"line":275,"column":5}},"124":{"start":{"line":268,"column":12},"end":{"line":270,"column":13}},"125":{"start":{"line":269,"column":16},"end":{"line":269,"column":29}},"126":{"start":{"line":272,"column":12},"end":{"line":272,"column":24}},"127":{"start":{"line":274,"column":8},"end":{"line":274,"column":21}},"128":{"start":{"line":279,"column":24},"end":{"line":279,"column":63}},"129":{"start":{"line":280,"column":24},"end":{"line":280,"column":63}},"130":{"start":{"line":282,"column":21},"end":{"line":282,"column":22}},"131":{"start":{"line":283,"column":21},"end":{"line":283,"column":22}},"132":{"start":{"line":285,"column":4},"end":{"line":289,"column":5}},"133":{"start":{"line":286,"column":8},"end":{"line":286,"column":24}},"134":{"start":{"line":287,"column":11},"end":{"line":289,"column":5}},"135":{"start":{"line":288,"column":8},"end":{"line":288,"column":23}},"136":{"start":{"line":291,"column":4},"end":{"line":295,"column":5}},"137":{"start":{"line":292,"column":8},"end":{"line":292,"column":24}},"138":{"start":{"line":293,"column":11},"end":{"line":295,"column":5}},"139":{"start":{"line":294,"column":8},"end":{"line":294,"column":23}},"140":{"start":{"line":297,"column":18},"end":{"line":297,"column":50}},"141":{"start":{"line":298,"column":18},"end":{"line":298,"column":50}},"142":{"start":{"line":300,"column":4},"end":{"line":309,"column":5}},"143":{"start":{"line":301,"column":33},"end":{"line":301,"column":108}},"144":{"start":{"line":303,"column":8},"end":{"line":305,"column":9}},"145":{"start":{"line":304,"column":12},"end":{"line":304,"column":25}},"146":{"start":{"line":307,"column":8},"end":{"line":307,"column":30}},"147":{"start":{"line":308,"column":8},"end":{"line":308,"column":30}},"148":{"start":{"line":311,"column":4},"end":{"line":315,"column":5}},"149":{"start":{"line":312,"column":8},"end":{"line":312,"column":21}},"150":{"start":{"line":317,"column":4},"end":{"line":317,"column":16}},"151":{"start":{"line":321,"column":30},"end":{"line":321,"column":105}},"152":{"start":{"line":323,"column":4},"end":{"line":334,"column":5}},"153":{"start":{"line":324,"column":33},"end":{"line":324,"column":77}},"154":{"start":{"line":326,"column":8},"end":{"line":331,"column":9}},"155":{"start":{"line":328,"column":16},"end":{"line":328,"column":28}},"156":{"start":{"line":330,"column":12},"end":{"line":330,"column":25}},"157":{"start":{"line":333,"column":8},"end":{"line":333,"column":21}},"158":{"start":{"line":338,"column":30},"end":{"line":338,"column":105}},"159":{"start":{"line":340,"column":4},"end":{"line":351,"column":5}},"160":{"start":{"line":341,"column":33},"end":{"line":341,"column":77}},"161":{"start":{"line":343,"column":8},"end":{"line":348,"column":9}},"162":{"start":{"line":345,"column":16},"end":{"line":345,"column":28}},"163":{"start":{"line":347,"column":12},"end":{"line":347,"column":25}},"164":{"start":{"line":350,"column":8},"end":{"line":350,"column":21}},"165":{"start":{"line":354,"column":0},"end":{"line":354,"column":12}},"166":{"start":{"line":355,"column":0},"end":{"line":355,"column":21}},"167":{"start":{"line":356,"column":0},"end":{"line":356,"column":61}}},"fnMap":{"0":{"name":"startGame","decl":{"start":{"line":7,"column":9},"end":{"line":7,"column":18}},"loc":{"start":{"line":7,"column":21},"end":{"line":21,"column":1}},"line":7},"1":{"name":"loadPosition","decl":{"start":{"line":23,"column":9},"end":{"line":23,"column":21}},"loc":{"start":{"line":23,"column":46},"end":{"line":34,"column":1}},"line":23},"2":{"name":"loadPiece","decl":{"start":{"line":36,"column":9},"end":{"line":36,"column":18}},"loc":{"start":{"line":36,"column":36},"end":{"line":46,"column":1}},"line":36},"3":{"name":"getPieceImageSource","decl":{"start":{"line":48,"column":9},"end":{"line":48,"column":28}},"loc":{"start":{"line":48,"column":36},"end":{"line":63,"column":1}},"line":48},"4":{"name":"setPieceHoldEvents","decl":{"start":{"line":65,"column":9},"end":{"line":65,"column":27}},"loc":{"start":{"line":65,"column":30},"end":{"line":132,"column":1}},"line":65},"5":{"name":"(anonymous_5)","decl":{"start":{"line":68,"column":43},"end":{"line":68,"column":44}},"loc":{"start":{"line":68,"column":59},"end":{"line":71,"column":5}},"line":68},"6":{"name":"(anonymous_6)","decl":{"start":{"line":78,"column":44},"end":{"line":78,"column":45}},"loc":{"start":{"line":78,"column":60},"end":{"line":97,"column":9}},"line":78},"7":{"name":"(anonymous_7)","decl":{"start":{"line":90,"column":48},"end":{"line":90,"column":49}},"loc":{"start":{"line":90,"column":59},"end":{"line":93,"column":17}},"line":90},"8":{"name":"(anonymous_8)","decl":{"start":{"line":100,"column":41},"end":{"line":100,"column":42}},"loc":{"start":{"line":100,"column":57},"end":{"line":131,"column":5}},"line":100},"9":{"name":"movePiece","decl":{"start":{"line":134,"column":9},"end":{"line":134,"column":18}},"loc":{"start":{"line":134,"column":60},"end":{"line":157,"column":1}},"line":134},"10":{"name":"validateMovement","decl":{"start":{"line":159,"column":9},"end":{"line":159,"column":25}},"loc":{"start":{"line":159,"column":60},"end":{"line":176,"column":1}},"line":159},"11":{"name":"validateBishopMovement","decl":{"start":{"line":178,"column":9},"end":{"line":178,"column":31}},"loc":{"start":{"line":178,"column":66},"end":{"line":190,"column":1}},"line":178},"12":{"name":"validateRookMovement","decl":{"start":{"line":192,"column":9},"end":{"line":192,"column":29}},"loc":{"start":{"line":192,"column":64},"end":{"line":202,"column":1}},"line":192},"13":{"name":"validateKingMovement","decl":{"start":{"line":204,"column":9},"end":{"line":204,"column":29}},"loc":{"start":{"line":204,"column":64},"end":{"line":215,"column":1}},"line":204},"14":{"name":"validateQueenMovement","decl":{"start":{"line":217,"column":9},"end":{"line":217,"column":30}},"loc":{"start":{"line":217,"column":65},"end":{"line":229,"column":1}},"line":217},"15":{"name":"validatePawnMovement","decl":{"start":{"line":231,"column":9},"end":{"line":231,"column":29}},"loc":{"start":{"line":231,"column":75},"end":{"line":263,"column":1}},"line":231},"16":{"name":"validateKnightMovement","decl":{"start":{"line":265,"column":9},"end":{"line":265,"column":31}},"loc":{"start":{"line":265,"column":66},"end":{"line":276,"column":1}},"line":265},"17":{"name":"validatePathIsBlocked","decl":{"start":{"line":278,"column":9},"end":{"line":278,"column":30}},"loc":{"start":{"line":278,"column":65},"end":{"line":318,"column":1}},"line":278},"18":{"name":"isFriendlyPieceOnEndingPosition","decl":{"start":{"line":320,"column":9},"end":{"line":320,"column":40}},"loc":{"start":{"line":320,"column":57},"end":{"line":335,"column":1}},"line":320},"19":{"name":"isEnemyPieceOnEndingPosition","decl":{"start":{"line":337,"column":9},"end":{"line":337,"column":37}},"loc":{"start":{"line":337,"column":54},"end":{"line":352,"column":1}},"line":337}},"branchMap":{"0":{"loc":{"start":{"line":29,"column":12},"end":{"line":31,"column":13}},"type":"if","locations":[{"start":{"line":29,"column":12},"end":{"line":31,"column":13}},{"start":{},"end":{}}],"line":29},"1":{"loc":{"start":{"line":49,"column":4},"end":{"line":62,"column":5}},"type":"switch","locations":[{"start":{"line":50,"column":8},"end":{"line":50,"column":49}},{"start":{"line":51,"column":8},"end":{"line":51,"column":51}},{"start":{"line":52,"column":8},"end":{"line":52,"column":51}},{"start":{"line":53,"column":8},"end":{"line":53,"column":50}},{"start":{"line":54,"column":8},"end":{"line":54,"column":49}},{"start":{"line":55,"column":8},"end":{"line":55,"column":49}},{"start":{"line":56,"column":8},"end":{"line":56,"column":49}},{"start":{"line":57,"column":8},"end":{"line":57,"column":51}},{"start":{"line":58,"column":8},"end":{"line":58,"column":51}},{"start":{"line":59,"column":8},"end":{"line":59,"column":50}},{"start":{"line":60,"column":8},"end":{"line":60,"column":49}},{"start":{"line":61,"column":8},"end":{"line":61,"column":49}}],"line":49},"2":{"loc":{"start":{"line":82,"column":12},"end":{"line":96,"column":13}},"type":"if","locations":[{"start":{"line":82,"column":12},"end":{"line":96,"column":13}},{"start":{},"end":{}}],"line":82},"3":{"loc":{"start":{"line":103,"column":8},"end":{"line":129,"column":9}},"type":"if","locations":[{"start":{"line":103,"column":8},"end":{"line":129,"column":9}},{"start":{},"end":{}}],"line":103},"4":{"loc":{"start":{"line":106,"column":12},"end":{"line":125,"column":17}},"type":"if","locations":[{"start":{"line":106,"column":12},"end":{"line":125,"column":17}},{"start":{},"end":{}}],"line":106},"5":{"loc":{"start":{"line":106,"column":16},"end":{"line":107,"column":160}},"type":"binary-expr","locations":[{"start":{"line":106,"column":17},"end":{"line":106,"column":73}},{"start":{"line":106,"column":77},"end":{"line":106,"column":160}},{"start":{"line":107,"column":17},"end":{"line":107,"column":72}},{"start":{"line":107,"column":76},"end":{"line":107,"column":159}}],"line":106},"6":{"loc":{"start":{"line":120,"column":20},"end":{"line":124,"column":21}},"type":"if","locations":[{"start":{"line":120,"column":20},"end":{"line":124,"column":21}},{"start":{},"end":{}}],"line":120},"7":{"loc":{"start":{"line":120,"column":26},"end":{"line":120,"column":146}},"type":"binary-expr","locations":[{"start":{"line":120,"column":26},"end":{"line":120,"column":84}},{"start":{"line":120,"column":88},"end":{"line":120,"column":146}}],"line":120},"8":{"loc":{"start":{"line":121,"column":24},"end":{"line":123,"column":25}},"type":"if","locations":[{"start":{"line":121,"column":24},"end":{"line":123,"column":25}},{"start":{},"end":{}}],"line":121},"9":{"loc":{"start":{"line":138,"column":4},"end":{"line":156,"column":5}},"type":"if","locations":[{"start":{"line":138,"column":4},"end":{"line":156,"column":5}},{"start":{},"end":{}}],"line":138},"10":{"loc":{"start":{"line":139,"column":8},"end":{"line":155,"column":9}},"type":"if","locations":[{"start":{"line":139,"column":8},"end":{"line":155,"column":9}},{"start":{},"end":{}}],"line":139},"11":{"loc":{"start":{"line":139,"column":12},"end":{"line":140,"column":77}},"type":"binary-expr","locations":[{"start":{"line":139,"column":13},"end":{"line":139,"column":52}},{"start":{"line":139,"column":56},"end":{"line":139,"column":76}},{"start":{"line":140,"column":13},"end":{"line":140,"column":52}},{"start":{"line":140,"column":56},"end":{"line":140,"column":76}}],"line":139},"12":{"loc":{"start":{"line":149,"column":16},"end":{"line":154,"column":17}},"type":"if","locations":[{"start":{"line":149,"column":16},"end":{"line":154,"column":17}},{"start":{"line":152,"column":21},"end":{"line":154,"column":17}}],"line":149},"13":{"loc":{"start":{"line":162,"column":4},"end":{"line":175,"column":5}},"type":"switch","locations":[{"start":{"line":163,"column":8},"end":{"line":163,"column":17}},{"start":{"line":164,"column":8},"end":{"line":164,"column":80}},{"start":{"line":165,"column":8},"end":{"line":165,"column":17}},{"start":{"line":166,"column":8},"end":{"line":166,"column":82}},{"start":{"line":167,"column":8},"end":{"line":167,"column":17}},{"start":{"line":168,"column":8},"end":{"line":168,"column":82}},{"start":{"line":169,"column":8},"end":{"line":169,"column":17}},{"start":{"line":170,"column":8},"end":{"line":170,"column":81}},{"start":{"line":171,"column":8},"end":{"line":171,"column":17}},{"start":{"line":172,"column":8},"end":{"line":172,"column":80}},{"start":{"line":173,"column":8},"end":{"line":173,"column":89}},{"start":{"line":174,"column":8},"end":{"line":174,"column":89}}],"line":162},"14":{"loc":{"start":{"line":179,"column":4},"end":{"line":189,"column":5}},"type":"if","locations":[{"start":{"line":179,"column":4},"end":{"line":189,"column":5}},{"start":{"line":187,"column":9},"end":{"line":189,"column":5}}],"line":179},"15":{"loc":{"start":{"line":179,"column":8},"end":{"line":180,"column":90}},"type":"binary-expr","locations":[{"start":{"line":179,"column":8},"end":{"line":179,"column":90}},{"start":{"line":180,"column":8},"end":{"line":180,"column":90}}],"line":179},"16":{"loc":{"start":{"line":181,"column":12},"end":{"line":183,"column":13}},"type":"if","locations":[{"start":{"line":181,"column":12},"end":{"line":183,"column":13}},{"start":{},"end":{}}],"line":181},"17":{"loc":{"start":{"line":193,"column":4},"end":{"line":201,"column":5}},"type":"if","locations":[{"start":{"line":193,"column":4},"end":{"line":201,"column":5}},{"start":{"line":199,"column":11},"end":{"line":201,"column":5}}],"line":193},"18":{"loc":{"start":{"line":193,"column":8},"end":{"line":193,"column":92}},"type":"binary-expr","locations":[{"start":{"line":193,"column":8},"end":{"line":193,"column":48}},{"start":{"line":193,"column":52},"end":{"line":193,"column":92}}],"line":193},"19":{"loc":{"start":{"line":194,"column":8},"end":{"line":196,"column":9}},"type":"if","locations":[{"start":{"line":194,"column":8},"end":{"line":196,"column":9}},{"start":{},"end":{}}],"line":194},"20":{"loc":{"start":{"line":205,"column":4},"end":{"line":214,"column":5}},"type":"if","locations":[{"start":{"line":205,"column":4},"end":{"line":214,"column":5}},{"start":{"line":212,"column":11},"end":{"line":214,"column":5}}],"line":205},"21":{"loc":{"start":{"line":205,"column":8},"end":{"line":205,"column":132}},"type":"binary-expr","locations":[{"start":{"line":205,"column":8},"end":{"line":205,"column":68}},{"start":{"line":205,"column":72},"end":{"line":205,"column":132}}],"line":205},"22":{"loc":{"start":{"line":206,"column":8},"end":{"line":208,"column":9}},"type":"if","locations":[{"start":{"line":206,"column":8},"end":{"line":208,"column":9}},{"start":{},"end":{}}],"line":206},"23":{"loc":{"start":{"line":218,"column":4},"end":{"line":228,"column":5}},"type":"if","locations":[{"start":{"line":218,"column":4},"end":{"line":228,"column":5}},{"start":{"line":226,"column":11},"end":{"line":228,"column":5}}],"line":218},"24":{"loc":{"start":{"line":218,"column":8},"end":{"line":220,"column":92}},"type":"binary-expr","locations":[{"start":{"line":218,"column":8},"end":{"line":218,"column":90}},{"start":{"line":219,"column":8},"end":{"line":219,"column":90}},{"start":{"line":220,"column":8},"end":{"line":220,"column":48}},{"start":{"line":220,"column":52},"end":{"line":220,"column":92}}],"line":218},"25":{"loc":{"start":{"line":221,"column":12},"end":{"line":223,"column":13}},"type":"if","locations":[{"start":{"line":221,"column":12},"end":{"line":223,"column":13}},{"start":{},"end":{}}],"line":221},"26":{"loc":{"start":{"line":232,"column":16},"end":{"line":232,"column":45}},"type":"cond-expr","locations":[{"start":{"line":232,"column":39},"end":{"line":232,"column":40}},{"start":{"line":232,"column":43},"end":{"line":232,"column":45}}],"line":232},"27":{"loc":{"start":{"line":236,"column":4},"end":{"line":242,"column":9}},"type":"if","locations":[{"start":{"line":236,"column":4},"end":{"line":242,"column":9}},{"start":{},"end":{}}],"line":236},"28":{"loc":{"start":{"line":236,"column":8},"end":{"line":237,"column":86}},"type":"binary-expr","locations":[{"start":{"line":236,"column":8},"end":{"line":236,"column":60}},{"start":{"line":237,"column":8},"end":{"line":237,"column":86}}],"line":236},"29":{"loc":{"start":{"line":239,"column":12},"end":{"line":241,"column":13}},"type":"if","locations":[{"start":{"line":239,"column":12},"end":{"line":241,"column":13}},{"start":{},"end":{}}],"line":239},"30":{"loc":{"start":{"line":247,"column":4},"end":{"line":249,"column":5}},"type":"if","locations":[{"start":{"line":247,"column":4},"end":{"line":249,"column":5}},{"start":{},"end":{}}],"line":247},"31":{"loc":{"start":{"line":247,"column":8},"end":{"line":247,"column":112}},"type":"binary-expr","locations":[{"start":{"line":247,"column":9},"end":{"line":247,"column":29}},{"start":{"line":247,"column":33},"end":{"line":247,"column":57}},{"start":{"line":247,"column":63},"end":{"line":247,"column":83}},{"start":{"line":247,"column":87},"end":{"line":247,"column":111}}],"line":247},"32":{"loc":{"start":{"line":251,"column":4},"end":{"line":262,"column":5}},"type":"if","locations":[{"start":{"line":251,"column":4},"end":{"line":262,"column":5}},{"start":{"line":260,"column":11},"end":{"line":262,"column":5}}],"line":251},"33":{"loc":{"start":{"line":251,"column":8},"end":{"line":251,"column":198}},"type":"binary-expr","locations":[{"start":{"line":251,"column":10},"end":{"line":251,"column":62}},{"start":{"line":251,"column":67},"end":{"line":251,"column":123}},{"start":{"line":251,"column":127},"end":{"line":251,"column":138}},{"start":{"line":251,"column":144},"end":{"line":251,"column":184}},{"start":{"line":251,"column":189},"end":{"line":251,"column":198}}],"line":251},"34":{"loc":{"start":{"line":252,"column":12},"end":{"line":256,"column":13}},"type":"if","locations":[{"start":{"line":252,"column":12},"end":{"line":256,"column":13}},{"start":{"line":254,"column":19},"end":{"line":256,"column":13}}],"line":252},"35":{"loc":{"start":{"line":254,"column":19},"end":{"line":256,"column":13}},"type":"if","locations":[{"start":{"line":254,"column":19},"end":{"line":256,"column":13}},{"start":{},"end":{}}],"line":254},"36":{"loc":{"start":{"line":254,"column":23},"end":{"line":254,"column":81}},"type":"binary-expr","locations":[{"start":{"line":254,"column":23},"end":{"line":254,"column":33}},{"start":{"line":254,"column":37},"end":{"line":254,"column":81}}],"line":254},"37":{"loc":{"start":{"line":266,"column":4},"end":{"line":275,"column":5}},"type":"if","locations":[{"start":{"line":266,"column":4},"end":{"line":275,"column":5}},{"start":{"line":273,"column":11},"end":{"line":275,"column":5}}],"line":266},"38":{"loc":{"start":{"line":266,"column":8},"end":{"line":267,"column":128}},"type":"binary-expr","locations":[{"start":{"line":266,"column":9},"end":{"line":266,"column":66}},{"start":{"line":266,"column":70},"end":{"line":266,"column":127}},{"start":{"line":267,"column":9},"end":{"line":267,"column":66}},{"start":{"line":267,"column":70},"end":{"line":267,"column":127}}],"line":266},"39":{"loc":{"start":{"line":268,"column":12},"end":{"line":270,"column":13}},"type":"if","locations":[{"start":{"line":268,"column":12},"end":{"line":270,"column":13}},{"start":{},"end":{}}],"line":268},"40":{"loc":{"start":{"line":285,"column":4},"end":{"line":289,"column":5}},"type":"if","locations":[{"start":{"line":285,"column":4},"end":{"line":289,"column":5}},{"start":{"line":287,"column":11},"end":{"line":289,"column":5}}],"line":285},"41":{"loc":{"start":{"line":287,"column":11},"end":{"line":289,"column":5}},"type":"if","locations":[{"start":{"line":287,"column":11},"end":{"line":289,"column":5}},{"start":{},"end":{}}],"line":287},"42":{"loc":{"start":{"line":291,"column":4},"end":{"line":295,"column":5}},"type":"if","locations":[{"start":{"line":291,"column":4},"end":{"line":295,"column":5}},{"start":{"line":293,"column":11},"end":{"line":295,"column":5}}],"line":291},"43":{"loc":{"start":{"line":293,"column":11},"end":{"line":295,"column":5}},"type":"if","locations":[{"start":{"line":293,"column":11},"end":{"line":295,"column":5}},{"start":{},"end":{}}],"line":293},"44":{"loc":{"start":{"line":300,"column":11},"end":{"line":300,"column":71}},"type":"binary-expr","locations":[{"start":{"line":300,"column":11},"end":{"line":300,"column":39}},{"start":{"line":300,"column":43},"end":{"line":300,"column":71}}],"line":300},"45":{"loc":{"start":{"line":303,"column":8},"end":{"line":305,"column":9}},"type":"if","locations":[{"start":{"line":303,"column":8},"end":{"line":305,"column":9}},{"start":{},"end":{}}],"line":303},"46":{"loc":{"start":{"line":311,"column":4},"end":{"line":315,"column":5}},"type":"if","locations":[{"start":{"line":311,"column":4},"end":{"line":315,"column":5}},{"start":{"line":313,"column":11},"end":{"line":315,"column":5}}],"line":311},"47":{"loc":{"start":{"line":323,"column":4},"end":{"line":334,"column":5}},"type":"if","locations":[{"start":{"line":323,"column":4},"end":{"line":334,"column":5}},{"start":{"line":332,"column":11},"end":{"line":334,"column":5}}],"line":323},"48":{"loc":{"start":{"line":326,"column":8},"end":{"line":331,"column":9}},"type":"if","locations":[{"start":{"line":326,"column":8},"end":{"line":331,"column":9}},{"start":{"line":329,"column":15},"end":{"line":331,"column":9}}],"line":326},"49":{"loc":{"start":{"line":326,"column":12},"end":{"line":327,"column":86}},"type":"binary-expr","locations":[{"start":{"line":326,"column":12},"end":{"line":326,"column":62}},{"start":{"line":326,"column":66},"end":{"line":326,"column":86}},{"start":{"line":327,"column":12},"end":{"line":327,"column":62}},{"start":{"line":327,"column":66},"end":{"line":327,"column":86}}],"line":326},"50":{"loc":{"start":{"line":340,"column":4},"end":{"line":351,"column":5}},"type":"if","locations":[{"start":{"line":340,"column":4},"end":{"line":351,"column":5}},{"start":{"line":349,"column":11},"end":{"line":351,"column":5}}],"line":340},"51":{"loc":{"start":{"line":343,"column":8},"end":{"line":348,"column":9}},"type":"if","locations":[{"start":{"line":343,"column":8},"end":{"line":348,"column":9}},{"start":{"line":346,"column":15},"end":{"line":348,"column":9}}],"line":343},"52":{"loc":{"start":{"line":343,"column":12},"end":{"line":344,"column":86}},"type":"binary-expr","locations":[{"start":{"line":343,"column":12},"end":{"line":343,"column":62}},{"start":{"line":343,"column":66},"end":{"line":343,"column":86}},{"start":{"line":344,"column":12},"end":{"line":344,"column":62}},{"start":{"line":344,"column":66},"end":{"line":344,"column":86}}],"line":343}},"s":{"0":2,"1":2,"2":2,"3":2,"4":2,"5":2,"6":2,"7":16,"8":16,"9":128,"10":64,"11":65,"12":65,"13":65,"14":65,"15":65,"16":65,"17":65,"18":66,"19":5,"20":5,"21":4,"22":2,"23":2,"24":16,"25":4,"26":4,"27":4,"28":2,"29":2,"30":16,"31":1,"32":1,"33":0,"34":0,"35":1,"36":1,"37":1,"38":0,"39":0,"40":0,"41":0,"42":0,"43":0,"44":0,"45":0,"46":0,"47":0,"48":0,"49":0,"50":1,"51":0,"52":0,"53":0,"54":0,"55":0,"56":0,"57":0,"58":0,"59":0,"60":0,"61":0,"62":0,"63":0,"64":0,"65":0,"66":0,"67":0,"68":0,"69":0,"70":0,"71":0,"72":0,"73":0,"74":0,"75":0,"76":0,"77":0,"78":0,"79":0,"80":0,"81":0,"82":0,"83":0,"84":0,"85":0,"86":0,"87":0,"88":0,"89":0,"90":0,"91":0,"92":0,"93":0,"94":0,"95":0,"96":0,"97":0,"98":0,"99":0,"100":0,"101":0,"102":0,"103":0,"104":0,"105":0,"106":0,"107":0,"108":0,"109":0,"110":0,"111":0,"112":0,"113":0,"114":0,"115":0,"116":0,"117":0,"118":0,"119":0,"120":0,"121":0,"122":0,"123":0,"124":0,"125":0,"126":0,"127":0,"128":0,"129":0,"130":0,"131":0,"132":0,"133":0,"134":0,"135":0,"136":0,"137":0,"138":0,"139":0,"140":0,"141":0,"142":0,"143":0,"144":0,"145":0,"146":0,"147":0,"148":0,"149":0,"150":0,"151":0,"152":0,"153":0,"154":0,"155":0,"156":0,"157":0,"158":0,"159":0,"160":0,"161":0,"162":0,"163":0,"164":0,"165":1,"166":1,"167":1},"f":{"0":2,"1":2,"2":65,"3":66,"4":1,"5":0,"6":0,"7":0,"8":0,"9":0,"10":0,"11":0,"12":0,"13":0,"14":0,"15":0,"16":0,"17":0,"18":0,"19":0},"b":{"0":[64,64],"1":[5,5,4,2,2,16,4,4,4,2,2,16],"2":[0,0],"3":[0,0],"4":[0,0],"5":[0,0,0,0],"6":[0,0],"7":[0,0],"8":[0,0],"9":[0,0],"10":[0,0],"11":[0,0,0,0],"12":[0,0],"13":[0,0,0,0,0,0,0,0,0,0,0,0],"14":[0,0],"15":[0,0],"16":[0,0],"17":[0,0],"18":[0,0],"19":[0,0],"20":[0,0],"21":[0,0],"22":[0,0],"23":[0,0],"24":[0,0,0,0],"25":[0,0],"26":[0,0],"27":[0,0],"28":[0,0],"29":[0,0],"30":[0,0],"31":[0,0,0,0],"32":[0,0],"33":[0,0,0,0,0],"34":[0,0],"35":[0,0],"36":[0,0],"37":[0,0],"38":[0,0,0,0],"39":[0,0],"40":[0,0],"41":[0,0],"42":[0,0],"43":[0,0],"44":[0,0],"45":[0,0],"46":[0,0],"47":[0,0],"48":[0,0],"49":[0,0,0,0],"50":[0,0],"51":[0,0],"52":[0,0,0,0]},"_coverageSchema":"1a1c01bbd47fc00a2c39e90264f33305004495a9","hash":"b33ade6de424dd9b2799f1e106e7c49b2dcedbb3"}
,"C:\\Users\\gillescas\\Downloads\\web-chess-main\\web-chess-main\\gameController2.js": {"path":"C:\\Users\\gillescas\\Downloads\\web-chess-main\\web-chess-main\\gameController2.js","statementMap":{"0":{"start":{"line":8,"column":26},"end":{"line":8,"column":59}},"1":{"start":{"line":9,"column":35},"end":{"line":9,"column":68}},"2":{"start":{"line":11,"column":28},"end":{"line":20,"column":1}},"3":{"start":{"line":22,"column":26},"end":{"line":22,"column":33}},"4":{"start":{"line":23,"column":4},"end":{"line":23,"column":49}},"5":{"start":{"line":27,"column":26},"end":{"line":27,"column":66}},"6":{"start":{"line":30,"column":8},"end":{"line":33,"column":9}},"7":{"start":{"line":30,"column":21},"end":{"line":30,"column":37}},"8":{"start":{"line":31,"column":22},"end":{"line":31,"column":57}},"9":{"start":{"line":32,"column":12},"end":{"line":32,"column":56}},"10":{"start":{"line":36,"column":4},"end":{"line":36,"column":32}},"11":{"start":{"line":37,"column":4},"end":{"line":37,"column":25}},"12":{"start":{"line":41,"column":35},"end":{"line":41,"column":75}},"13":{"start":{"line":44,"column":8},"end":{"line":47,"column":9}},"14":{"start":{"line":44,"column":21},"end":{"line":44,"column":37}},"15":{"start":{"line":45,"column":22},"end":{"line":45,"column":57}},"16":{"start":{"line":46,"column":12},"end":{"line":46,"column":56}},"17":{"start":{"line":50,"column":4},"end":{"line":50,"column":41}},"18":{"start":{"line":51,"column":4},"end":{"line":51,"column":34}},"19":{"start":{"line":55,"column":4},"end":{"line":55,"column":24}},"20":{"start":{"line":56,"column":4},"end":{"line":56,"column":29}},"21":{"start":{"line":58,"column":4},"end":{"line":64,"column":5}},"22":{"start":{"line":58,"column":17},"end":{"line":58,"column":18}},"23":{"start":{"line":59,"column":8},"end":{"line":63,"column":9}},"24":{"start":{"line":59,"column":21},"end":{"line":59,"column":22}},"25":{"start":{"line":60,"column":12},"end":{"line":62,"column":13}},"26":{"start":{"line":61,"column":16},"end":{"line":61,"column":58}},"27":{"start":{"line":68,"column":26},"end":{"line":68,"column":81}},"28":{"start":{"line":70,"column":25},"end":{"line":70,"column":54}},"29":{"start":{"line":71,"column":4},"end":{"line":71,"column":40}},"30":{"start":{"line":72,"column":4},"end":{"line":72,"column":28}},"31":{"start":{"line":73,"column":4},"end":{"line":73,"column":35}},"32":{"start":{"line":74,"column":4},"end":{"line":74,"column":50}},"33":{"start":{"line":76,"column":4},"end":{"line":76,"column":44}},"34":{"start":{"line":80,"column":4},"end":{"line":93,"column":5}},"35":{"start":{"line":81,"column":18},"end":{"line":81,"column":49}},"36":{"start":{"line":82,"column":18},"end":{"line":82,"column":51}},"37":{"start":{"line":83,"column":18},"end":{"line":83,"column":51}},"38":{"start":{"line":84,"column":18},"end":{"line":84,"column":50}},"39":{"start":{"line":85,"column":18},"end":{"line":85,"column":49}},"40":{"start":{"line":86,"column":18},"end":{"line":86,"column":49}},"41":{"start":{"line":87,"column":18},"end":{"line":87,"column":49}},"42":{"start":{"line":88,"column":18},"end":{"line":88,"column":51}},"43":{"start":{"line":89,"column":18},"end":{"line":89,"column":51}},"44":{"start":{"line":90,"column":18},"end":{"line":90,"column":50}},"45":{"start":{"line":91,"column":18},"end":{"line":91,"column":49}},"46":{"start":{"line":92,"column":18},"end":{"line":92,"column":49}},"47":{"start":{"line":97,"column":25},"end":{"line":97,"column":26}},"48":{"start":{"line":99,"column":4},"end":{"line":102,"column":7}},"49":{"start":{"line":100,"column":8},"end":{"line":100,"column":31}},"50":{"start":{"line":101,"column":8},"end":{"line":101,"column":31}},"51":{"start":{"line":104,"column":17},"end":{"line":104,"column":57}},"52":{"start":{"line":106,"column":29},"end":{"line":106,"column":34}},"53":{"start":{"line":108,"column":4},"end":{"line":129,"column":5}},"54":{"start":{"line":109,"column":8},"end":{"line":128,"column":11}},"55":{"start":{"line":110,"column":12},"end":{"line":110,"column":35}},"56":{"start":{"line":111,"column":12},"end":{"line":111,"column":35}},"57":{"start":{"line":113,"column":12},"end":{"line":127,"column":13}},"58":{"start":{"line":114,"column":16},"end":{"line":114,"column":50}},"59":{"start":{"line":116,"column":16},"end":{"line":116,"column":37}},"60":{"start":{"line":117,"column":51},"end":{"line":117,"column":83}},"61":{"start":{"line":119,"column":16},"end":{"line":119,"column":138}},"62":{"start":{"line":121,"column":16},"end":{"line":124,"column":22}},"63":{"start":{"line":122,"column":20},"end":{"line":122,"column":94}},"64":{"start":{"line":123,"column":20},"end":{"line":123,"column":94}},"65":{"start":{"line":126,"column":16},"end":{"line":126,"column":42}},"66":{"start":{"line":131,"column":4},"end":{"line":164,"column":7}},"67":{"start":{"line":132,"column":8},"end":{"line":132,"column":48}},"68":{"start":{"line":134,"column":8},"end":{"line":161,"column":9}},"69":{"start":{"line":135,"column":33},"end":{"line":135,"column":65}},"70":{"start":{"line":137,"column":12},"end":{"line":156,"column":17}},"71":{"start":{"line":139,"column":50},"end":{"line":139,"column":106}},"72":{"start":{"line":140,"column":50},"end":{"line":140,"column":105}},"73":{"start":{"line":142,"column":44},"end":{"line":144,"column":64}},"74":{"start":{"line":146,"column":38},"end":{"line":146,"column":150}},"75":{"start":{"line":147,"column":38},"end":{"line":147,"column":151}},"76":{"start":{"line":149,"column":49},"end":{"line":149,"column":71}},"77":{"start":{"line":151,"column":20},"end":{"line":155,"column":21}},"78":{"start":{"line":152,"column":24},"end":{"line":154,"column":25}},"79":{"start":{"line":153,"column":28},"end":{"line":153,"column":104}},"80":{"start":{"line":158,"column":12},"end":{"line":158,"column":51}},"81":{"start":{"line":159,"column":12},"end":{"line":159,"column":32}},"82":{"start":{"line":160,"column":12},"end":{"line":160,"column":48}},"83":{"start":{"line":163,"column":8},"end":{"line":163,"column":35}},"84":{"start":{"line":169,"column":23},"end":{"line":169,"column":73}},"85":{"start":{"line":171,"column":4},"end":{"line":189,"column":5}},"86":{"start":{"line":172,"column":8},"end":{"line":188,"column":9}},"87":{"start":{"line":174,"column":16},"end":{"line":174,"column":73}},"88":{"start":{"line":175,"column":16},"end":{"line":175,"column":76}},"89":{"start":{"line":177,"column":42},"end":{"line":177,"column":117}},"90":{"start":{"line":178,"column":16},"end":{"line":178,"column":51}},"91":{"start":{"line":179,"column":16},"end":{"line":179,"column":53}},"92":{"start":{"line":183,"column":16},"end":{"line":187,"column":17}},"93":{"start":{"line":184,"column":20},"end":{"line":184,"column":40}},"94":{"start":{"line":186,"column":20},"end":{"line":186,"column":40}},"95":{"start":{"line":193,"column":23},"end":{"line":193,"column":73}},"96":{"start":{"line":195,"column":4},"end":{"line":208,"column":5}},"97":{"start":{"line":197,"column":18},"end":{"line":197,"column":80}},"98":{"start":{"line":199,"column":18},"end":{"line":199,"column":82}},"99":{"start":{"line":201,"column":18},"end":{"line":201,"column":82}},"100":{"start":{"line":203,"column":18},"end":{"line":203,"column":81}},"101":{"start":{"line":205,"column":18},"end":{"line":205,"column":80}},"102":{"start":{"line":206,"column":18},"end":{"line":206,"column":89}},"103":{"start":{"line":207,"column":18},"end":{"line":207,"column":89}},"104":{"start":{"line":212,"column":4},"end":{"line":221,"column":5}},"105":{"start":{"line":214,"column":12},"end":{"line":216,"column":13}},"106":{"start":{"line":215,"column":16},"end":{"line":215,"column":29}},"107":{"start":{"line":218,"column":12},"end":{"line":218,"column":24}},"108":{"start":{"line":220,"column":8},"end":{"line":220,"column":21}},"109":{"start":{"line":225,"column":4},"end":{"line":233,"column":5}},"110":{"start":{"line":226,"column":8},"end":{"line":228,"column":9}},"111":{"start":{"line":227,"column":12},"end":{"line":227,"column":25}},"112":{"start":{"line":230,"column":8},"end":{"line":230,"column":20}},"113":{"start":{"line":232,"column":8},"end":{"line":232,"column":21}},"114":{"start":{"line":237,"column":4},"end":{"line":246,"column":5}},"115":{"start":{"line":238,"column":8},"end":{"line":240,"column":9}},"116":{"start":{"line":239,"column":12},"end":{"line":239,"column":25}},"117":{"start":{"line":243,"column":8},"end":{"line":243,"column":20}},"118":{"start":{"line":245,"column":8},"end":{"line":245,"column":21}},"119":{"start":{"line":250,"column":4},"end":{"line":260,"column":5}},"120":{"start":{"line":253,"column":12},"end":{"line":255,"column":13}},"121":{"start":{"line":254,"column":16},"end":{"line":254,"column":29}},"122":{"start":{"line":257,"column":12},"end":{"line":257,"column":24}},"123":{"start":{"line":259,"column":8},"end":{"line":259,"column":21}},"124":{"start":{"line":264,"column":4},"end":{"line":264,"column":46}},"125":{"start":{"line":266,"column":20},"end":{"line":266,"column":25}},"126":{"start":{"line":268,"column":4},"end":{"line":274,"column":9}},"127":{"start":{"line":271,"column":12},"end":{"line":273,"column":13}},"128":{"start":{"line":272,"column":16},"end":{"line":272,"column":33}},"129":{"start":{"line":277,"column":22},"end":{"line":277,"column":27}},"130":{"start":{"line":279,"column":4},"end":{"line":281,"column":5}},"131":{"start":{"line":280,"column":8},"end":{"line":280,"column":27}},"132":{"start":{"line":283,"column":4},"end":{"line":294,"column":5}},"133":{"start":{"line":284,"column":12},"end":{"line":288,"column":13}},"134":{"start":{"line":285,"column":16},"end":{"line":285,"column":29}},"135":{"start":{"line":286,"column":19},"end":{"line":288,"column":13}},"136":{"start":{"line":287,"column":16},"end":{"line":287,"column":29}},"137":{"start":{"line":291,"column":12},"end":{"line":291,"column":24}},"138":{"start":{"line":293,"column":8},"end":{"line":293,"column":21}},"139":{"start":{"line":298,"column":4},"end":{"line":307,"column":5}},"140":{"start":{"line":300,"column":12},"end":{"line":302,"column":13}},"141":{"start":{"line":301,"column":16},"end":{"line":301,"column":29}},"142":{"start":{"line":304,"column":12},"end":{"line":304,"column":24}},"143":{"start":{"line":306,"column":8},"end":{"line":306,"column":21}},"144":{"start":{"line":311,"column":24},"end":{"line":311,"column":63}},"145":{"start":{"line":312,"column":24},"end":{"line":312,"column":63}},"146":{"start":{"line":314,"column":21},"end":{"line":314,"column":22}},"147":{"start":{"line":315,"column":21},"end":{"line":315,"column":22}},"148":{"start":{"line":317,"column":4},"end":{"line":321,"column":5}},"149":{"start":{"line":318,"column":8},"end":{"line":318,"column":24}},"150":{"start":{"line":319,"column":11},"end":{"line":321,"column":5}},"151":{"start":{"line":320,"column":8},"end":{"line":320,"column":23}},"152":{"start":{"line":323,"column":4},"end":{"line":327,"column":5}},"153":{"start":{"line":324,"column":8},"end":{"line":324,"column":24}},"154":{"start":{"line":325,"column":11},"end":{"line":327,"column":5}},"155":{"start":{"line":326,"column":8},"end":{"line":326,"column":23}},"156":{"start":{"line":329,"column":18},"end":{"line":329,"column":50}},"157":{"start":{"line":330,"column":18},"end":{"line":330,"column":50}},"158":{"start":{"line":332,"column":4},"end":{"line":341,"column":5}},"159":{"start":{"line":333,"column":33},"end":{"line":333,"column":108}},"160":{"start":{"line":335,"column":8},"end":{"line":337,"column":9}},"161":{"start":{"line":336,"column":12},"end":{"line":336,"column":25}},"162":{"start":{"line":339,"column":8},"end":{"line":339,"column":30}},"163":{"start":{"line":340,"column":8},"end":{"line":340,"column":30}},"164":{"start":{"line":343,"column":4},"end":{"line":347,"column":5}},"165":{"start":{"line":344,"column":8},"end":{"line":344,"column":21}},"166":{"start":{"line":349,"column":4},"end":{"line":349,"column":16}},"167":{"start":{"line":353,"column":30},"end":{"line":353,"column":105}},"168":{"start":{"line":355,"column":4},"end":{"line":366,"column":5}},"169":{"start":{"line":356,"column":33},"end":{"line":356,"column":77}},"170":{"start":{"line":358,"column":8},"end":{"line":363,"column":9}},"171":{"start":{"line":360,"column":16},"end":{"line":360,"column":28}},"172":{"start":{"line":362,"column":12},"end":{"line":362,"column":25}},"173":{"start":{"line":365,"column":8},"end":{"line":365,"column":21}},"174":{"start":{"line":370,"column":30},"end":{"line":370,"column":105}},"175":{"start":{"line":372,"column":4},"end":{"line":383,"column":5}},"176":{"start":{"line":373,"column":33},"end":{"line":373,"column":77}},"177":{"start":{"line":375,"column":8},"end":{"line":380,"column":9}},"178":{"start":{"line":377,"column":16},"end":{"line":377,"column":28}},"179":{"start":{"line":379,"column":12},"end":{"line":379,"column":25}},"180":{"start":{"line":382,"column":8},"end":{"line":382,"column":21}},"181":{"start":{"line":386,"column":0},"end":{"line":386,"column":12}},"182":{"start":{"line":387,"column":0},"end":{"line":387,"column":21}},"183":{"start":{"line":388,"column":0},"end":{"line":388,"column":84}}},"fnMap":{"0":{"name":"startGame","decl":{"start":{"line":7,"column":9},"end":{"line":7,"column":18}},"loc":{"start":{"line":7,"column":21},"end":{"line":24,"column":1}},"line":7},"1":{"name":"generateRandomizedPositionBlack","decl":{"start":{"line":26,"column":9},"end":{"line":26,"column":40}},"loc":{"start":{"line":26,"column":43},"end":{"line":38,"column":1}},"line":26},"2":{"name":"shuffleArray","decl":{"start":{"line":29,"column":13},"end":{"line":29,"column":25}},"loc":{"start":{"line":29,"column":33},"end":{"line":34,"column":5}},"line":29},"3":{"name":"generateRandomizedPositionWhite","decl":{"start":{"line":40,"column":9},"end":{"line":40,"column":40}},"loc":{"start":{"line":40,"column":43},"end":{"line":52,"column":1}},"line":40},"4":{"name":"shuffleArray","decl":{"start":{"line":43,"column":13},"end":{"line":43,"column":25}},"loc":{"start":{"line":43,"column":33},"end":{"line":48,"column":5}},"line":43},"5":{"name":"loadPosition","decl":{"start":{"line":54,"column":9},"end":{"line":54,"column":21}},"loc":{"start":{"line":54,"column":46},"end":{"line":65,"column":1}},"line":54},"6":{"name":"loadPiece","decl":{"start":{"line":67,"column":9},"end":{"line":67,"column":18}},"loc":{"start":{"line":67,"column":36},"end":{"line":77,"column":1}},"line":67},"7":{"name":"getPieceImageSource","decl":{"start":{"line":79,"column":9},"end":{"line":79,"column":28}},"loc":{"start":{"line":79,"column":36},"end":{"line":94,"column":1}},"line":79},"8":{"name":"setPieceHoldEvents","decl":{"start":{"line":96,"column":9},"end":{"line":96,"column":27}},"loc":{"start":{"line":96,"column":30},"end":{"line":165,"column":1}},"line":96},"9":{"name":"(anonymous_9)","decl":{"start":{"line":99,"column":43},"end":{"line":99,"column":44}},"loc":{"start":{"line":99,"column":59},"end":{"line":102,"column":5}},"line":99},"10":{"name":"(anonymous_10)","decl":{"start":{"line":109,"column":44},"end":{"line":109,"column":45}},"loc":{"start":{"line":109,"column":60},"end":{"line":128,"column":9}},"line":109},"11":{"name":"(anonymous_11)","decl":{"start":{"line":121,"column":48},"end":{"line":121,"column":49}},"loc":{"start":{"line":121,"column":59},"end":{"line":124,"column":17}},"line":121},"12":{"name":"(anonymous_12)","decl":{"start":{"line":131,"column":41},"end":{"line":131,"column":42}},"loc":{"start":{"line":131,"column":57},"end":{"line":164,"column":5}},"line":131},"13":{"name":"movePiece","decl":{"start":{"line":167,"column":9},"end":{"line":167,"column":18}},"loc":{"start":{"line":167,"column":60},"end":{"line":190,"column":1}},"line":167},"14":{"name":"validateMovement","decl":{"start":{"line":192,"column":9},"end":{"line":192,"column":25}},"loc":{"start":{"line":192,"column":60},"end":{"line":209,"column":1}},"line":192},"15":{"name":"validateBishopMovement","decl":{"start":{"line":211,"column":9},"end":{"line":211,"column":31}},"loc":{"start":{"line":211,"column":66},"end":{"line":222,"column":1}},"line":211},"16":{"name":"validateRookMovement","decl":{"start":{"line":224,"column":9},"end":{"line":224,"column":29}},"loc":{"start":{"line":224,"column":64},"end":{"line":234,"column":1}},"line":224},"17":{"name":"validateKingMovement","decl":{"start":{"line":236,"column":9},"end":{"line":236,"column":29}},"loc":{"start":{"line":236,"column":64},"end":{"line":247,"column":1}},"line":236},"18":{"name":"validateQueenMovement","decl":{"start":{"line":249,"column":9},"end":{"line":249,"column":30}},"loc":{"start":{"line":249,"column":65},"end":{"line":261,"column":1}},"line":249},"19":{"name":"validatePawnMovement","decl":{"start":{"line":263,"column":9},"end":{"line":263,"column":29}},"loc":{"start":{"line":263,"column":75},"end":{"line":295,"column":1}},"line":263},"20":{"name":"validateKnightMovement","decl":{"start":{"line":297,"column":9},"end":{"line":297,"column":31}},"loc":{"start":{"line":297,"column":66},"end":{"line":308,"column":1}},"line":297},"21":{"name":"validatePathIsBlocked","decl":{"start":{"line":310,"column":9},"end":{"line":310,"column":30}},"loc":{"start":{"line":310,"column":65},"end":{"line":350,"column":1}},"line":310},"22":{"name":"isFriendlyPieceOnEndingPosition","decl":{"start":{"line":352,"column":9},"end":{"line":352,"column":40}},"loc":{"start":{"line":352,"column":57},"end":{"line":367,"column":1}},"line":352},"23":{"name":"isEnemyPieceOnEndingPosition","decl":{"start":{"line":369,"column":9},"end":{"line":369,"column":37}},"loc":{"start":{"line":369,"column":54},"end":{"line":384,"column":1}},"line":369}},"branchMap":{"0":{"loc":{"start":{"line":60,"column":12},"end":{"line":62,"column":13}},"type":"if","locations":[{"start":{"line":60,"column":12},"end":{"line":62,"column":13}},{"start":{},"end":{}}],"line":60},"1":{"loc":{"start":{"line":80,"column":4},"end":{"line":93,"column":5}},"type":"switch","locations":[{"start":{"line":81,"column":8},"end":{"line":81,"column":49}},{"start":{"line":82,"column":8},"end":{"line":82,"column":51}},{"start":{"line":83,"column":8},"end":{"line":83,"column":51}},{"start":{"line":84,"column":8},"end":{"line":84,"column":50}},{"start":{"line":85,"column":8},"end":{"line":85,"column":49}},{"start":{"line":86,"column":8},"end":{"line":86,"column":49}},{"start":{"line":87,"column":8},"end":{"line":87,"column":49}},{"start":{"line":88,"column":8},"end":{"line":88,"column":51}},{"start":{"line":89,"column":8},"end":{"line":89,"column":51}},{"start":{"line":90,"column":8},"end":{"line":90,"column":50}},{"start":{"line":91,"column":8},"end":{"line":91,"column":49}},{"start":{"line":92,"column":8},"end":{"line":92,"column":49}}],"line":80},"2":{"loc":{"start":{"line":113,"column":12},"end":{"line":127,"column":13}},"type":"if","locations":[{"start":{"line":113,"column":12},"end":{"line":127,"column":13}},{"start":{},"end":{}}],"line":113},"3":{"loc":{"start":{"line":134,"column":8},"end":{"line":161,"column":9}},"type":"if","locations":[{"start":{"line":134,"column":8},"end":{"line":161,"column":9}},{"start":{},"end":{}}],"line":134},"4":{"loc":{"start":{"line":137,"column":12},"end":{"line":156,"column":17}},"type":"if","locations":[{"start":{"line":137,"column":12},"end":{"line":156,"column":17}},{"start":{},"end":{}}],"line":137},"5":{"loc":{"start":{"line":137,"column":16},"end":{"line":138,"column":160}},"type":"binary-expr","locations":[{"start":{"line":137,"column":17},"end":{"line":137,"column":73}},{"start":{"line":137,"column":77},"end":{"line":137,"column":160}},{"start":{"line":138,"column":17},"end":{"line":138,"column":72}},{"start":{"line":138,"column":76},"end":{"line":138,"column":159}}],"line":137},"6":{"loc":{"start":{"line":151,"column":20},"end":{"line":155,"column":21}},"type":"if","locations":[{"start":{"line":151,"column":20},"end":{"line":155,"column":21}},{"start":{},"end":{}}],"line":151},"7":{"loc":{"start":{"line":151,"column":26},"end":{"line":151,"column":146}},"type":"binary-expr","locations":[{"start":{"line":151,"column":26},"end":{"line":151,"column":84}},{"start":{"line":151,"column":88},"end":{"line":151,"column":146}}],"line":151},"8":{"loc":{"start":{"line":152,"column":24},"end":{"line":154,"column":25}},"type":"if","locations":[{"start":{"line":152,"column":24},"end":{"line":154,"column":25}},{"start":{},"end":{}}],"line":152},"9":{"loc":{"start":{"line":171,"column":4},"end":{"line":189,"column":5}},"type":"if","locations":[{"start":{"line":171,"column":4},"end":{"line":189,"column":5}},{"start":{},"end":{}}],"line":171},"10":{"loc":{"start":{"line":172,"column":8},"end":{"line":188,"column":9}},"type":"if","locations":[{"start":{"line":172,"column":8},"end":{"line":188,"column":9}},{"start":{},"end":{}}],"line":172},"11":{"loc":{"start":{"line":172,"column":12},"end":{"line":173,"column":77}},"type":"binary-expr","locations":[{"start":{"line":172,"column":13},"end":{"line":172,"column":52}},{"start":{"line":172,"column":56},"end":{"line":172,"column":76}},{"start":{"line":173,"column":13},"end":{"line":173,"column":52}},{"start":{"line":173,"column":56},"end":{"line":173,"column":76}}],"line":172},"12":{"loc":{"start":{"line":183,"column":16},"end":{"line":187,"column":17}},"type":"if","locations":[{"start":{"line":183,"column":16},"end":{"line":187,"column":17}},{"start":{"line":185,"column":23},"end":{"line":187,"column":17}}],"line":183},"13":{"loc":{"start":{"line":195,"column":4},"end":{"line":208,"column":5}},"type":"switch","locations":[{"start":{"line":196,"column":8},"end":{"line":196,"column":17}},{"start":{"line":197,"column":8},"end":{"line":197,"column":80}},{"start":{"line":198,"column":8},"end":{"line":198,"column":17}},{"start":{"line":199,"column":8},"end":{"line":199,"column":82}},{"start":{"line":200,"column":8},"end":{"line":200,"column":17}},{"start":{"line":201,"column":8},"end":{"line":201,"column":82}},{"start":{"line":202,"column":8},"end":{"line":202,"column":17}},{"start":{"line":203,"column":8},"end":{"line":203,"column":81}},{"start":{"line":204,"column":8},"end":{"line":204,"column":17}},{"start":{"line":205,"column":8},"end":{"line":205,"column":80}},{"start":{"line":206,"column":8},"end":{"line":206,"column":89}},{"start":{"line":207,"column":8},"end":{"line":207,"column":89}}],"line":195},"14":{"loc":{"start":{"line":212,"column":4},"end":{"line":221,"column":5}},"type":"if","locations":[{"start":{"line":212,"column":4},"end":{"line":221,"column":5}},{"start":{"line":219,"column":11},"end":{"line":221,"column":5}}],"line":212},"15":{"loc":{"start":{"line":212,"column":8},"end":{"line":213,"column":90}},"type":"binary-expr","locations":[{"start":{"line":212,"column":8},"end":{"line":212,"column":90}},{"start":{"line":213,"column":8},"end":{"line":213,"column":90}}],"line":212},"16":{"loc":{"start":{"line":214,"column":12},"end":{"line":216,"column":13}},"type":"if","locations":[{"start":{"line":214,"column":12},"end":{"line":216,"column":13}},{"start":{},"end":{}}],"line":214},"17":{"loc":{"start":{"line":225,"column":4},"end":{"line":233,"column":5}},"type":"if","locations":[{"start":{"line":225,"column":4},"end":{"line":233,"column":5}},{"start":{"line":231,"column":11},"end":{"line":233,"column":5}}],"line":225},"18":{"loc":{"start":{"line":225,"column":8},"end":{"line":225,"column":92}},"type":"binary-expr","locations":[{"start":{"line":225,"column":8},"end":{"line":225,"column":48}},{"start":{"line":225,"column":52},"end":{"line":225,"column":92}}],"line":225},"19":{"loc":{"start":{"line":226,"column":8},"end":{"line":228,"column":9}},"type":"if","locations":[{"start":{"line":226,"column":8},"end":{"line":228,"column":9}},{"start":{},"end":{}}],"line":226},"20":{"loc":{"start":{"line":237,"column":4},"end":{"line":246,"column":5}},"type":"if","locations":[{"start":{"line":237,"column":4},"end":{"line":246,"column":5}},{"start":{"line":244,"column":11},"end":{"line":246,"column":5}}],"line":237},"21":{"loc":{"start":{"line":237,"column":8},"end":{"line":237,"column":132}},"type":"binary-expr","locations":[{"start":{"line":237,"column":8},"end":{"line":237,"column":68}},{"start":{"line":237,"column":72},"end":{"line":237,"column":132}}],"line":237},"22":{"loc":{"start":{"line":238,"column":8},"end":{"line":240,"column":9}},"type":"if","locations":[{"start":{"line":238,"column":8},"end":{"line":240,"column":9}},{"start":{},"end":{}}],"line":238},"23":{"loc":{"start":{"line":250,"column":4},"end":{"line":260,"column":5}},"type":"if","locations":[{"start":{"line":250,"column":4},"end":{"line":260,"column":5}},{"start":{"line":258,"column":11},"end":{"line":260,"column":5}}],"line":250},"24":{"loc":{"start":{"line":250,"column":8},"end":{"line":252,"column":92}},"type":"binary-expr","locations":[{"start":{"line":250,"column":8},"end":{"line":250,"column":90}},{"start":{"line":251,"column":8},"end":{"line":251,"column":90}},{"start":{"line":252,"column":8},"end":{"line":252,"column":48}},{"start":{"line":252,"column":52},"end":{"line":252,"column":92}}],"line":250},"25":{"loc":{"start":{"line":253,"column":12},"end":{"line":255,"column":13}},"type":"if","locations":[{"start":{"line":253,"column":12},"end":{"line":255,"column":13}},{"start":{},"end":{}}],"line":253},"26":{"loc":{"start":{"line":264,"column":16},"end":{"line":264,"column":45}},"type":"cond-expr","locations":[{"start":{"line":264,"column":39},"end":{"line":264,"column":40}},{"start":{"line":264,"column":43},"end":{"line":264,"column":45}}],"line":264},"27":{"loc":{"start":{"line":268,"column":4},"end":{"line":274,"column":9}},"type":"if","locations":[{"start":{"line":268,"column":4},"end":{"line":274,"column":9}},{"start":{},"end":{}}],"line":268},"28":{"loc":{"start":{"line":268,"column":8},"end":{"line":269,"column":86}},"type":"binary-expr","locations":[{"start":{"line":268,"column":8},"end":{"line":268,"column":60}},{"start":{"line":269,"column":8},"end":{"line":269,"column":86}}],"line":268},"29":{"loc":{"start":{"line":271,"column":12},"end":{"line":273,"column":13}},"type":"if","locations":[{"start":{"line":271,"column":12},"end":{"line":273,"column":13}},{"start":{},"end":{}}],"line":271},"30":{"loc":{"start":{"line":279,"column":4},"end":{"line":281,"column":5}},"type":"if","locations":[{"start":{"line":279,"column":4},"end":{"line":281,"column":5}},{"start":{},"end":{}}],"line":279},"31":{"loc":{"start":{"line":279,"column":8},"end":{"line":279,"column":112}},"type":"binary-expr","locations":[{"start":{"line":279,"column":9},"end":{"line":279,"column":29}},{"start":{"line":279,"column":33},"end":{"line":279,"column":57}},{"start":{"line":279,"column":63},"end":{"line":279,"column":83}},{"start":{"line":279,"column":87},"end":{"line":279,"column":111}}],"line":279},"32":{"loc":{"start":{"line":283,"column":4},"end":{"line":294,"column":5}},"type":"if","locations":[{"start":{"line":283,"column":4},"end":{"line":294,"column":5}},{"start":{"line":292,"column":11},"end":{"line":294,"column":5}}],"line":283},"33":{"loc":{"start":{"line":283,"column":8},"end":{"line":283,"column":198}},"type":"binary-expr","locations":[{"start":{"line":283,"column":10},"end":{"line":283,"column":62}},{"start":{"line":283,"column":67},"end":{"line":283,"column":123}},{"start":{"line":283,"column":127},"end":{"line":283,"column":138}},{"start":{"line":283,"column":144},"end":{"line":283,"column":184}},{"start":{"line":283,"column":189},"end":{"line":283,"column":198}}],"line":283},"34":{"loc":{"start":{"line":284,"column":12},"end":{"line":288,"column":13}},"type":"if","locations":[{"start":{"line":284,"column":12},"end":{"line":288,"column":13}},{"start":{"line":286,"column":19},"end":{"line":288,"column":13}}],"line":284},"35":{"loc":{"start":{"line":286,"column":19},"end":{"line":288,"column":13}},"type":"if","locations":[{"start":{"line":286,"column":19},"end":{"line":288,"column":13}},{"start":{},"end":{}}],"line":286},"36":{"loc":{"start":{"line":286,"column":23},"end":{"line":286,"column":81}},"type":"binary-expr","locations":[{"start":{"line":286,"column":23},"end":{"line":286,"column":33}},{"start":{"line":286,"column":37},"end":{"line":286,"column":81}}],"line":286},"37":{"loc":{"start":{"line":298,"column":4},"end":{"line":307,"column":5}},"type":"if","locations":[{"start":{"line":298,"column":4},"end":{"line":307,"column":5}},{"start":{"line":305,"column":11},"end":{"line":307,"column":5}}],"line":298},"38":{"loc":{"start":{"line":298,"column":8},"end":{"line":299,"column":128}},"type":"binary-expr","locations":[{"start":{"line":298,"column":9},"end":{"line":298,"column":66}},{"start":{"line":298,"column":70},"end":{"line":298,"column":127}},{"start":{"line":299,"column":9},"end":{"line":299,"column":66}},{"start":{"line":299,"column":70},"end":{"line":299,"column":127}}],"line":298},"39":{"loc":{"start":{"line":300,"column":12},"end":{"line":302,"column":13}},"type":"if","locations":[{"start":{"line":300,"column":12},"end":{"line":302,"column":13}},{"start":{},"end":{}}],"line":300},"40":{"loc":{"start":{"line":317,"column":4},"end":{"line":321,"column":5}},"type":"if","locations":[{"start":{"line":317,"column":4},"end":{"line":321,"column":5}},{"start":{"line":319,"column":11},"end":{"line":321,"column":5}}],"line":317},"41":{"loc":{"start":{"line":319,"column":11},"end":{"line":321,"column":5}},"type":"if","locations":[{"start":{"line":319,"column":11},"end":{"line":321,"column":5}},{"start":{},"end":{}}],"line":319},"42":{"loc":{"start":{"line":323,"column":4},"end":{"line":327,"column":5}},"type":"if","locations":[{"start":{"line":323,"column":4},"end":{"line":327,"column":5}},{"start":{"line":325,"column":11},"end":{"line":327,"column":5}}],"line":323},"43":{"loc":{"start":{"line":325,"column":11},"end":{"line":327,"column":5}},"type":"if","locations":[{"start":{"line":325,"column":11},"end":{"line":327,"column":5}},{"start":{},"end":{}}],"line":325},"44":{"loc":{"start":{"line":332,"column":11},"end":{"line":332,"column":71}},"type":"binary-expr","locations":[{"start":{"line":332,"column":11},"end":{"line":332,"column":39}},{"start":{"line":332,"column":43},"end":{"line":332,"column":71}}],"line":332},"45":{"loc":{"start":{"line":335,"column":8},"end":{"line":337,"column":9}},"type":"if","locations":[{"start":{"line":335,"column":8},"end":{"line":337,"column":9}},{"start":{},"end":{}}],"line":335},"46":{"loc":{"start":{"line":343,"column":4},"end":{"line":347,"column":5}},"type":"if","locations":[{"start":{"line":343,"column":4},"end":{"line":347,"column":5}},{"start":{"line":345,"column":11},"end":{"line":347,"column":5}}],"line":343},"47":{"loc":{"start":{"line":355,"column":4},"end":{"line":366,"column":5}},"type":"if","locations":[{"start":{"line":355,"column":4},"end":{"line":366,"column":5}},{"start":{"line":364,"column":11},"end":{"line":366,"column":5}}],"line":355},"48":{"loc":{"start":{"line":358,"column":8},"end":{"line":363,"column":9}},"type":"if","locations":[{"start":{"line":358,"column":8},"end":{"line":363,"column":9}},{"start":{"line":361,"column":15},"end":{"line":363,"column":9}}],"line":358},"49":{"loc":{"start":{"line":358,"column":12},"end":{"line":359,"column":86}},"type":"binary-expr","locations":[{"start":{"line":358,"column":12},"end":{"line":358,"column":62}},{"start":{"line":358,"column":66},"end":{"line":358,"column":86}},{"start":{"line":359,"column":12},"end":{"line":359,"column":62}},{"start":{"line":359,"column":66},"end":{"line":359,"column":86}}],"line":358},"50":{"loc":{"start":{"line":372,"column":4},"end":{"line":383,"column":5}},"type":"if","locations":[{"start":{"line":372,"column":4},"end":{"line":383,"column":5}},{"start":{"line":381,"column":11},"end":{"line":383,"column":5}}],"line":372},"51":{"loc":{"start":{"line":375,"column":8},"end":{"line":380,"column":9}},"type":"if","locations":[{"start":{"line":375,"column":8},"end":{"line":380,"column":9}},{"start":{"line":378,"column":15},"end":{"line":380,"column":9}}],"line":375},"52":{"loc":{"start":{"line":375,"column":12},"end":{"line":376,"column":86}},"type":"binary-expr","locations":[{"start":{"line":375,"column":12},"end":{"line":375,"column":62}},{"start":{"line":375,"column":66},"end":{"line":375,"column":86}},{"start":{"line":376,"column":12},"end":{"line":376,"column":62}},{"start":{"line":376,"column":66},"end":{"line":376,"column":86}}],"line":375}},"s":{"0":1,"1":1,"2":1,"3":1,"4":1,"5":2,"6":2,"7":2,"8":14,"9":14,"10":2,"11":2,"12":2,"13":2,"14":2,"15":14,"16":14,"17":2,"18":2,"19":1,"20":1,"21":1,"22":1,"23":8,"24":8,"25":64,"26":32,"27":32,"28":32,"29":32,"30":32,"31":32,"32":32,"33":32,"34":32,"35":2,"36":2,"37":2,"38":1,"39":1,"40":8,"41":2,"42":2,"43":2,"44":1,"45":1,"46":8,"47":1,"48":1,"49":0,"50":0,"51":1,"52":1,"53":1,"54":0,"55":0,"56":0,"57":0,"58":0,"59":0,"60":0,"61":0,"62":0,"63":0,"64":0,"65":0,"66":1,"67":0,"68":0,"69":0,"70":0,"71":0,"72":0,"73":0,"74":0,"75":0,"76":0,"77":0,"78":0,"79":0,"80":0,"81":0,"82":0,"83":0,"84":0,"85":0,"86":0,"87":0,"88":0,"89":0,"90":0,"91":0,"92":0,"93":0,"94":0,"95":0,"96":0,"97":0,"98":0,"99":0,"100":0,"101":0,"102":0,"103":0,"104":0,"105":0,"106":0,"107":0,"108":0,"109":0,"110":0,"111":0,"112":0,"113":0,"114":0,"115":0,"116":0,"117":0,"118":0,"119":0,"120":0,"121":0,"122":0,"123":0,"124":0,"125":0,"126":0,"127":0,"128":0,"129":0,"130":0,"131":0,"132":0,"133":0,"134":0,"135":0,"136":0,"137":0,"138":0,"139":0,"140":0,"141":0,"142":0,"143":0,"144":0,"145":0,"146":0,"147":0,"148":0,"149":0,"150":0,"151":0,"152":0,"153":0,"154":0,"155":0,"156":0,"157":0,"158":0,"159":0,"160":0,"161":0,"162":0,"163":0,"164":0,"165":0,"166":0,"167":0,"168":0,"169":0,"170":0,"171":0,"172":0,"173":0,"174":0,"175":0,"176":0,"177":0,"178":0,"179":0,"180":0,"181":1,"182":1,"183":1},"f":{"0":1,"1":2,"2":2,"3":2,"4":2,"5":1,"6":32,"7":32,"8":1,"9":0,"10":0,"11":0,"12":0,"13":0,"14":0,"15":0,"16":0,"17":0,"18":0,"19":0,"20":0,"21":0,"22":0,"23":0},"b":{"0":[32,32],"1":[2,2,2,1,1,8,2,2,2,1,1,8],"2":[0,0],"3":[0,0],"4":[0,0],"5":[0,0,0,0],"6":[0,0],"7":[0,0],"8":[0,0],"9":[0,0],"10":[0,0],"11":[0,0,0,0],"12":[0,0],"13":[0,0,0,0,0,0,0,0,0,0,0,0],"14":[0,0],"15":[0,0],"16":[0,0],"17":[0,0],"18":[0,0],"19":[0,0],"20":[0,0],"21":[0,0],"22":[0,0],"23":[0,0],"24":[0,0,0,0],"25":[0,0],"26":[0,0],"27":[0,0],"28":[0,0],"29":[0,0],"30":[0,0],"31":[0,0,0,0],"32":[0,0],"33":[0,0,0,0,0],"34":[0,0],"35":[0,0],"36":[0,0],"37":[0,0],"38":[0,0,0,0],"39":[0,0],"40":[0,0],"41":[0,0],"42":[0,0],"43":[0,0],"44":[0,0],"45":[0,0],"46":[0,0],"47":[0,0],"48":[0,0],"49":[0,0,0,0],"50":[0,0],"51":[0,0],"52":[0,0,0,0]},"_coverageSchema":"1a1c01bbd47fc00a2c39e90264f33305004495a9","hash":"1219884e1771de8ff781c8960d41c0bd97269961"}
}
