TN:
SF:gameController.js
FN:7,startGame
FN:23,loadPosition
FN:36,loadPiece
FN:48,getPieceImageSource
FN:65,setPieceHoldEvents
FN:68,(anonymous_5)
FN:78,(anonymous_6)
FN:90,(anonymous_7)
FN:100,(anonymous_8)
FN:134,movePiece
FN:159,validateMovement
FN:178,validateBishopMovement
FN:192,validateRookMovement
FN:204,validateKingMovement
FN:217,validateQueenMovement
FN:231,validatePawnMovement
FN:265,validateKnightMovement
FN:278,validatePathIsBlocked
FN:320,isFriendlyPieceOnEndingPosition
FN:337,isEnemyPieceOnEndingPosition
FNF:20
FNH:5
FNDA:2,startGame
FNDA:2,loadPosition
FNDA:65,loadPiece
FNDA:66,getPieceImageSource
FNDA:1,setPieceHoldEvents
FNDA:0,(anonymous_5)
FNDA:0,(anonymous_6)
FNDA:0,(anonymous_7)
FNDA:0,(anonymous_8)
FNDA:0,movePiece
FNDA:0,validateMovement
FNDA:0,validateBishopMovement
FNDA:0,validateRookMovement
FNDA:0,validateKingMovement
FNDA:0,validateQueenMovement
FNDA:0,validatePawnMovement
FNDA:0,validateKnightMovement
FNDA:0,validatePathIsBlocked
FNDA:0,isFriendlyPieceOnEndingPosition
FNDA:0,isEnemyPieceOnEndingPosition
DA:8,2
DA:18,2
DA:20,2
DA:24,2
DA:25,2
DA:27,2
DA:28,16
DA:29,128
DA:30,64
DA:37,65
DA:39,65
DA:40,65
DA:41,65
DA:42,65
DA:43,65
DA:45,65
DA:49,66
DA:50,6
DA:51,4
DA:52,4
DA:53,2
DA:54,2
DA:55,16
DA:56,4
DA:57,4
DA:58,4
DA:59,2
DA:60,2
DA:61,16
DA:66,1
DA:68,1
DA:69,0
DA:70,0
DA:73,1
DA:75,1
DA:77,1
DA:78,0
DA:79,0
DA:80,0
DA:82,0
DA:83,0
DA:85,0
DA:86,0
DA:88,0
DA:90,0
DA:91,0
DA:92,0
DA:95,0
DA:100,1
DA:101,0
DA:103,0
DA:104,0
DA:106,0
DA:108,0
DA:109,0
DA:111,0
DA:115,0
DA:116,0
DA:118,0
DA:120,0
DA:121,0
DA:122,0
DA:126,0
DA:127,0
DA:128,0
DA:130,0
DA:136,0
DA:138,0
DA:139,0
DA:141,0
DA:142,0
DA:144,0
DA:145,0
DA:146,0
DA:149,0
DA:150,0
DA:153,0
DA:160,0
DA:162,0
DA:164,0
DA:166,0
DA:168,0
DA:170,0
DA:172,0
DA:173,0
DA:174,0
DA:179,0
DA:181,0
DA:182,0
DA:185,0
DA:188,0
DA:193,0
DA:194,0
DA:195,0
DA:198,0
DA:200,0
DA:205,0
DA:206,0
DA:207,0
DA:211,0
DA:213,0
DA:218,0
DA:221,0
DA:222,0
DA:225,0
DA:227,0
DA:232,0
DA:234,0
DA:236,0
DA:239,0
DA:240,0
DA:245,0
DA:247,0
DA:248,0
DA:251,0
DA:252,0
DA:253,0
DA:254,0
DA:255,0
DA:259,0
DA:261,0
DA:266,0
DA:268,0
DA:269,0
DA:272,0
DA:274,0
DA:279,0
DA:280,0
DA:282,0
DA:283,0
DA:285,0
DA:286,0
DA:287,0
DA:288,0
DA:291,0
DA:292,0
DA:293,0
DA:294,0
DA:297,0
DA:298,0
DA:300,0
DA:301,0
DA:303,0
DA:304,0
DA:307,0
DA:308,0
DA:311,0
DA:312,0
DA:317,0
DA:321,0
DA:323,0
DA:324,0
DA:326,0
DA:328,0
DA:330,0
DA:333,0
DA:338,0
DA:340,0
DA:341,0
DA:343,0
DA:345,0
DA:347,0
DA:350,0
DA:354,1
DA:355,1
DA:356,1
LF:166
LH:38
BRDA:29,0,0,64
BRDA:29,0,1,64
BRDA:49,1,0,6
BRDA:49,1,1,4
BRDA:49,1,2,4
BRDA:49,1,3,2
BRDA:49,1,4,2
BRDA:49,1,5,16
BRDA:49,1,6,4
BRDA:49,1,7,4
BRDA:49,1,8,4
BRDA:49,1,9,2
BRDA:49,1,10,2
BRDA:49,1,11,16
BRDA:82,2,0,0
BRDA:82,2,1,0
BRDA:103,3,0,0
BRDA:103,3,1,0
BRDA:106,4,0,0
BRDA:106,4,1,0
BRDA:106,5,0,0
BRDA:106,5,1,0
BRDA:106,5,2,0
BRDA:106,5,3,0
BRDA:120,6,0,0
BRDA:120,6,1,0
BRDA:120,7,0,0
BRDA:120,7,1,0
BRDA:121,8,0,0
BRDA:121,8,1,0
BRDA:138,9,0,0
BRDA:138,9,1,0
BRDA:139,10,0,0
BRDA:139,10,1,0
BRDA:139,11,0,0
BRDA:139,11,1,0
BRDA:139,11,2,0
BRDA:139,11,3,0
BRDA:149,12,0,0
BRDA:149,12,1,0
BRDA:162,13,0,0
BRDA:162,13,1,0
BRDA:162,13,2,0
BRDA:162,13,3,0
BRDA:162,13,4,0
BRDA:162,13,5,0
BRDA:162,13,6,0
BRDA:162,13,7,0
BRDA:162,13,8,0
BRDA:162,13,9,0
BRDA:162,13,10,0
BRDA:162,13,11,0
BRDA:179,14,0,0
BRDA:179,14,1,0
BRDA:179,15,0,0
BRDA:179,15,1,0
BRDA:181,16,0,0
BRDA:181,16,1,0
BRDA:193,17,0,0
BRDA:193,17,1,0
BRDA:193,18,0,0
BRDA:193,18,1,0
BRDA:194,19,0,0
BRDA:194,19,1,0
BRDA:205,20,0,0
BRDA:205,20,1,0
BRDA:205,21,0,0
BRDA:205,21,1,0
BRDA:206,22,0,0
BRDA:206,22,1,0
BRDA:218,23,0,0
BRDA:218,23,1,0
BRDA:218,24,0,0
BRDA:218,24,1,0
BRDA:218,24,2,0
BRDA:218,24,3,0
BRDA:221,25,0,0
BRDA:221,25,1,0
BRDA:232,26,0,0
BRDA:232,26,1,0
BRDA:236,27,0,0
BRDA:236,27,1,0
BRDA:236,28,0,0
BRDA:236,28,1,0
BRDA:239,29,0,0
BRDA:239,29,1,0
BRDA:247,30,0,0
BRDA:247,30,1,0
BRDA:247,31,0,0
BRDA:247,31,1,0
BRDA:247,31,2,0
BRDA:247,31,3,0
BRDA:251,32,0,0
BRDA:251,32,1,0
BRDA:251,33,0,0
BRDA:251,33,1,0
BRDA:251,33,2,0
BRDA:251,33,3,0
BRDA:251,33,4,0
BRDA:252,34,0,0
BRDA:252,34,1,0
BRDA:254,35,0,0
BRDA:254,35,1,0
BRDA:254,36,0,0
BRDA:254,36,1,0
BRDA:266,37,0,0
BRDA:266,37,1,0
BRDA:266,38,0,0
BRDA:266,38,1,0
BRDA:266,38,2,0
BRDA:266,38,3,0
BRDA:268,39,0,0
BRDA:268,39,1,0
BRDA:285,40,0,0
BRDA:285,40,1,0
BRDA:287,41,0,0
BRDA:287,41,1,0
BRDA:291,42,0,0
BRDA:291,42,1,0
BRDA:293,43,0,0
BRDA:293,43,1,0
BRDA:300,44,0,0
BRDA:300,44,1,0
BRDA:303,45,0,0
BRDA:303,45,1,0
BRDA:311,46,0,0
BRDA:311,46,1,0
BRDA:323,47,0,0
BRDA:323,47,1,0
BRDA:326,48,0,0
BRDA:326,48,1,0
BRDA:326,49,0,0
BRDA:326,49,1,0
BRDA:326,49,2,0
BRDA:326,49,3,0
BRDA:340,50,0,0
BRDA:340,50,1,0
BRDA:343,51,0,0
BRDA:343,51,1,0
BRDA:343,52,0,0
BRDA:343,52,1,0
BRDA:343,52,2,0
BRDA:343,52,3,0
BRF:143
BRH:14
end_of_record
TN:
SF:gameController2.js
FN:7,startGame
FN:26,generateRandomizedPositionBlack
FN:29,shuffleArray
FN:40,generateRandomizedPositionWhite
FN:43,shuffleArray
FN:54,loadPosition
FN:67,loadPiece
FN:79,getPieceImageSource
FN:96,setPieceHoldEvents
FN:99,(anonymous_9)
FN:109,(anonymous_10)
FN:121,(anonymous_11)
FN:131,(anonymous_12)
FN:167,movePiece
FN:192,validateMovement
FN:211,validateBishopMovement
FN:224,validateRookMovement
FN:236,validateKingMovement
FN:249,validateQueenMovement
FN:263,validatePawnMovement
FN:297,validateKnightMovement
FN:310,validatePathIsBlocked
FN:352,isFriendlyPieceOnEndingPosition
FN:369,isEnemyPieceOnEndingPosition
FNF:24
FNH:9
FNDA:1,startGame
FNDA:2,generateRandomizedPositionBlack
FNDA:2,shuffleArray
FNDA:2,generateRandomizedPositionWhite
FNDA:2,shuffleArray
FNDA:1,loadPosition
FNDA:32,loadPiece
FNDA:32,getPieceImageSource
FNDA:1,setPieceHoldEvents
FNDA:0,(anonymous_9)
FNDA:0,(anonymous_10)
FNDA:0,(anonymous_11)
FNDA:0,(anonymous_12)
FNDA:0,movePiece
FNDA:0,validateMovement
FNDA:0,validateBishopMovement
FNDA:0,validateRookMovement
FNDA:0,validateKingMovement
FNDA:0,validateQueenMovement
FNDA:0,validatePawnMovement
FNDA:0,validateKnightMovement
FNDA:0,validatePathIsBlocked
FNDA:0,isFriendlyPieceOnEndingPosition
FNDA:0,isEnemyPieceOnEndingPosition
DA:8,1
DA:9,1
DA:11,1
DA:22,1
DA:23,1
DA:27,2
DA:30,2
DA:31,14
DA:32,14
DA:36,2
DA:37,2
DA:41,2
DA:44,2
DA:45,14
DA:46,14
DA:50,2
DA:51,2
DA:55,1
DA:56,1
DA:58,1
DA:59,8
DA:60,64
DA:61,32
DA:68,32
DA:70,32
DA:71,32
DA:72,32
DA:73,32
DA:74,32
DA:76,32
DA:80,32
DA:81,2
DA:82,2
DA:83,2
DA:84,1
DA:85,1
DA:86,8
DA:87,2
DA:88,2
DA:89,2
DA:90,1
DA:91,1
DA:92,8
DA:97,1
DA:99,1
DA:100,0
DA:101,0
DA:104,1
DA:106,1
DA:108,1
DA:109,0
DA:110,0
DA:111,0
DA:113,0
DA:114,0
DA:116,0
DA:117,0
DA:119,0
DA:121,0
DA:122,0
DA:123,0
DA:126,0
DA:131,1
DA:132,0
DA:134,0
DA:135,0
DA:137,0
DA:139,0
DA:140,0
DA:142,0
DA:146,0
DA:147,0
DA:149,0
DA:151,0
DA:152,0
DA:153,0
DA:158,0
DA:159,0
DA:160,0
DA:163,0
DA:169,0
DA:171,0
DA:172,0
DA:174,0
DA:175,0
DA:177,0
DA:178,0
DA:179,0
DA:183,0
DA:184,0
DA:186,0
DA:193,0
DA:195,0
DA:197,0
DA:199,0
DA:201,0
DA:203,0
DA:205,0
DA:206,0
DA:207,0
DA:212,0
DA:214,0
DA:215,0
DA:218,0
DA:220,0
DA:225,0
DA:226,0
DA:227,0
DA:230,0
DA:232,0
DA:237,0
DA:238,0
DA:239,0
DA:243,0
DA:245,0
DA:250,0
DA:253,0
DA:254,0
DA:257,0
DA:259,0
DA:264,0
DA:266,0
DA:268,0
DA:271,0
DA:272,0
DA:277,0
DA:279,0
DA:280,0
DA:283,0
DA:284,0
DA:285,0
DA:286,0
DA:287,0
DA:291,0
DA:293,0
DA:298,0
DA:300,0
DA:301,0
DA:304,0
DA:306,0
DA:311,0
DA:312,0
DA:314,0
DA:315,0
DA:317,0
DA:318,0
DA:319,0
DA:320,0
DA:323,0
DA:324,0
DA:325,0
DA:326,0
DA:329,0
DA:330,0
DA:332,0
DA:333,0
DA:335,0
DA:336,0
DA:339,0
DA:340,0
DA:343,0
DA:344,0
DA:349,0
DA:353,0
DA:355,0
DA:356,0
DA:358,0
DA:360,0
DA:362,0
DA:365,0
DA:370,0
DA:372,0
DA:373,0
DA:375,0
DA:377,0
DA:379,0
DA:382,0
DA:386,1
DA:387,1
DA:388,1
LF:180
LH:52
BRDA:60,0,0,32
BRDA:60,0,1,32
BRDA:80,1,0,2
BRDA:80,1,1,2
BRDA:80,1,2,2
BRDA:80,1,3,1
BRDA:80,1,4,1
BRDA:80,1,5,8
BRDA:80,1,6,2
BRDA:80,1,7,2
BRDA:80,1,8,2
BRDA:80,1,9,1
BRDA:80,1,10,1
BRDA:80,1,11,8
BRDA:113,2,0,0
BRDA:113,2,1,0
BRDA:134,3,0,0
BRDA:134,3,1,0
BRDA:137,4,0,0
BRDA:137,4,1,0
BRDA:137,5,0,0
BRDA:137,5,1,0
BRDA:137,5,2,0
BRDA:137,5,3,0
BRDA:151,6,0,0
BRDA:151,6,1,0
BRDA:151,7,0,0
BRDA:151,7,1,0
BRDA:152,8,0,0
BRDA:152,8,1,0
BRDA:171,9,0,0
BRDA:171,9,1,0
BRDA:172,10,0,0
BRDA:172,10,1,0
BRDA:172,11,0,0
BRDA:172,11,1,0
BRDA:172,11,2,0
BRDA:172,11,3,0
BRDA:183,12,0,0
BRDA:183,12,1,0
BRDA:195,13,0,0
BRDA:195,13,1,0
BRDA:195,13,2,0
BRDA:195,13,3,0
BRDA:195,13,4,0
BRDA:195,13,5,0
BRDA:195,13,6,0
BRDA:195,13,7,0
BRDA:195,13,8,0
BRDA:195,13,9,0
BRDA:195,13,10,0
BRDA:195,13,11,0
BRDA:212,14,0,0
BRDA:212,14,1,0
BRDA:212,15,0,0
BRDA:212,15,1,0
BRDA:214,16,0,0
BRDA:214,16,1,0
BRDA:225,17,0,0
BRDA:225,17,1,0
BRDA:225,18,0,0
BRDA:225,18,1,0
BRDA:226,19,0,0
BRDA:226,19,1,0
BRDA:237,20,0,0
BRDA:237,20,1,0
BRDA:237,21,0,0
BRDA:237,21,1,0
BRDA:238,22,0,0
BRDA:238,22,1,0
BRDA:250,23,0,0
BRDA:250,23,1,0
BRDA:250,24,0,0
BRDA:250,24,1,0
BRDA:250,24,2,0
BRDA:250,24,3,0
BRDA:253,25,0,0
BRDA:253,25,1,0
BRDA:264,26,0,0
BRDA:264,26,1,0
BRDA:268,27,0,0
BRDA:268,27,1,0
BRDA:268,28,0,0
BRDA:268,28,1,0
BRDA:271,29,0,0
BRDA:271,29,1,0
BRDA:279,30,0,0
BRDA:279,30,1,0
BRDA:279,31,0,0
BRDA:279,31,1,0
BRDA:279,31,2,0
BRDA:279,31,3,0
BRDA:283,32,0,0
BRDA:283,32,1,0
BRDA:283,33,0,0
BRDA:283,33,1,0
BRDA:283,33,2,0
BRDA:283,33,3,0
BRDA:283,33,4,0
BRDA:284,34,0,0
BRDA:284,34,1,0
BRDA:286,35,0,0
BRDA:286,35,1,0
BRDA:286,36,0,0
BRDA:286,36,1,0
BRDA:298,37,0,0
BRDA:298,37,1,0
BRDA:298,38,0,0
BRDA:298,38,1,0
BRDA:298,38,2,0
BRDA:298,38,3,0
BRDA:300,39,0,0
BRDA:300,39,1,0
BRDA:317,40,0,0
BRDA:317,40,1,0
BRDA:319,41,0,0
BRDA:319,41,1,0
BRDA:323,42,0,0
BRDA:323,42,1,0
BRDA:325,43,0,0
BRDA:325,43,1,0
BRDA:332,44,0,0
BRDA:332,44,1,0
BRDA:335,45,0,0
BRDA:335,45,1,0
BRDA:343,46,0,0
BRDA:343,46,1,0
BRDA:355,47,0,0
BRDA:355,47,1,0
BRDA:358,48,0,0
BRDA:358,48,1,0
BRDA:358,49,0,0
BRDA:358,49,1,0
BRDA:358,49,2,0
BRDA:358,49,3,0
BRDA:372,50,0,0
BRDA:372,50,1,0
BRDA:375,51,0,0
BRDA:375,51,1,0
BRDA:375,52,0,0
BRDA:375,52,1,0
BRDA:375,52,2,0
BRDA:375,52,3,0
BRF:143
BRH:14
end_of_record
